<?xml version="1.0" encoding="UTF-8"?>
<!-- Generated by org.testng.reporters.JUnitXMLReporter -->
<testsuite hostname="DESKTOP-VKQLNKF" ignored="0" name="Command line test" tests="6" failures="0" timestamp="2020-08-11T15:49:19 EDT" time="0.076" errors="0">
  <testcase name="IosApps" time="0.007" classname="Selenium.SeleniumjavaProject.AppiumTest"/>
  <testcase name="MobileAutomation" time="0.0" classname="Selenium.SeleniumjavaProject.AppiumTest"/>
  <testcase name="DeleteTwitter" time="0.0" classname="Selenium.SeleniumjavaProject.RestApITest"/>
  <testcase name="postJira" time="0.001" classname="Selenium.SeleniumjavaProject.RestApITest"/>
  <testcase name="BrowserAutomation" time="0.0" classname="Selenium.SeleniumjavaProject.SeleniumTest"/>
  <testcase name="WebUI" time="0.002" classname="Selenium.SeleniumjavaProject.SeleniumTest"/>
</testsuite> <!-- Command line test -->
