<?xml version="1.0" encoding="UTF-8"?>
<!-- Generated by org.testng.reporters.JUnitXMLReporter -->
<testsuite hostname="DESKTOP-VKQLNKF" ignored="0" name="Test" tests="4" failures="0" timestamp="2020-08-11T15:59:15 EDT" time="0.086" errors="0">
  <testcase name="BrowserAutomation" time="0.026" classname="Selenium.SeleniumjavaProject.SeleniumTest"/>
  <testcase name="WebUI" time="0.0" classname="Selenium.SeleniumjavaProject.SeleniumTest"/>
  <testcase name="IosApps" time="0.001" classname="Selenium.SeleniumjavaProject.AppiumTest"/>
  <testcase name="MobileAutomation" time="0.0" classname="Selenium.SeleniumjavaProject.AppiumTest"/>
</testsuite> <!-- Test -->
