<?xml version="1.0" encoding="UTF-8"?>
<testng-results skipped="0" failed="0" ignored="0" total="2" passed="2">
  <reporter-output>
  </reporter-output>
  <suite name="Default suite" duration-ms="79" started-at="2020-08-20T16:07:35 EDT" finished-at="2020-08-20T16:07:35 EDT">
    <groups>
    </groups>
    <test name="Default test" duration-ms="79" started-at="2020-08-20T16:07:35 EDT" finished-at="2020-08-20T16:07:35 EDT">
      <class name="Selenium.SeleniumjavaProject.RestApITest">
        <test-method status="PASS" signature="DeleteTwitter()[pri:0, instance:Selenium.SeleniumjavaProject.RestApITest@e874448]" name="DeleteTwitter" duration-ms="13" started-at="2020-08-20T16:07:35 EDT" finished-at="2020-08-20T16:07:35 EDT">
          <reporter-output>
          </reporter-output>
        </test-method> <!-- DeleteTwitter -->
        <test-method status="PASS" signature="postJira()[pri:0, instance:Selenium.SeleniumjavaProject.RestApITest@e874448]" name="postJira" duration-ms="3" started-at="2020-08-20T16:07:35 EDT" finished-at="2020-08-20T16:07:35 EDT">
          <reporter-output>
          </reporter-output>
        </test-method> <!-- postJira -->
      </class> <!-- Selenium.SeleniumjavaProject.RestApITest -->
    </test> <!-- Default test -->
  </suite> <!-- Default suite -->
</testng-results>
